<?xml version="1.0" encoding="UTF-8"?>
<testng-results skipped="0" failed="0" ignored="0" total="2" passed="2">
  <reporter-output>
  </reporter-output>
  <suite name="CRM Test Suite" duration-ms="19561" started-at="2019-01-06T05:21:54Z" finished-at="2019-01-06T05:22:13Z">
    <groups>
    </groups>
    <test name="LoginTest" duration-ms="19561" started-at="2019-01-06T05:21:54Z" finished-at="2019-01-06T05:22:13Z">
      <class name="com.CRM.TestCases.LoginTest">
        <test-method status="PASS" signature="setup()[pri:0, instance:com.CRM.TestCases.LoginTest@90f6bfd]" name="setup" is-config="true" duration-ms="9404" started-at="2019-01-06T05:21:54Z" finished-at="2019-01-06T05:22:03Z">
          <reporter-output>
          </reporter-output>
        </test-method> <!-- setup -->
        <test-method status="PASS" signature="loginpagetitletest()[pri:1, instance:com.CRM.TestCases.LoginTest@90f6bfd]" name="loginpagetitletest" duration-ms="7" started-at="2019-01-06T05:22:03Z" finished-at="2019-01-06T05:22:03Z">
          <reporter-output>
          </reporter-output>
        </test-method> <!-- loginpagetitletest -->
        <test-method status="PASS" signature="loginpagetest()[pri:2, instance:com.CRM.TestCases.LoginTest@90f6bfd]" name="loginpagetest" duration-ms="8505" started-at="2019-01-06T05:22:03Z" finished-at="2019-01-06T05:22:12Z">
          <reporter-output>
          </reporter-output>
        </test-method> <!-- loginpagetest -->
        <test-method status="PASS" signature="close()[pri:0, instance:com.CRM.TestCases.LoginTest@90f6bfd]" name="close" is-config="true" duration-ms="1556" started-at="2019-01-06T05:22:12Z" finished-at="2019-01-06T05:22:13Z">
          <reporter-output>
          </reporter-output>
        </test-method> <!-- close -->
      </class> <!-- com.CRM.TestCases.LoginTest -->
    </test> <!-- LoginTest -->
  </suite> <!-- CRM Test Suite -->
</testng-results>
